[INFO ] 2025-03-23 12:25:32.073 [TestNG-tests-1] TC001_AccountRegistrationTest - Starting TC001
[INFO ] 2025-03-23 12:25:32.818 [TestNG-tests-1] TC001_AccountRegistrationTest - Clicked on register link
[INFO ] 2025-03-23 12:25:32.849 [TestNG-tests-1] TC001_AccountRegistrationTest - Providing customer detail
[INFO ] 2025-03-23 12:25:33.392 [TestNG-tests-2] TC001_AccountRegistrationTest - Starting TC001
[INFO ] 2025-03-23 12:25:34.144 [TestNG-tests-2] TC001_AccountRegistrationTest - Clicked on register link
[INFO ] 2025-03-23 12:25:34.145 [TestNG-tests-2] TC001_AccountRegistrationTest - Providing customer detail
[INFO ] 2025-03-23 12:25:34.288 [TestNG-tests-1] TC001_AccountRegistrationTest - Validating expected message
[INFO ] 2025-03-23 12:25:35.603 [TestNG-tests-2] TC001_AccountRegistrationTest - Validating expected message
[INFO ] 2025-03-23 13:36:38.259 [TestNG-tests-1] TC001_AccountRegistrationTest - Starting TC001
[INFO ] 2025-03-23 13:36:39.037 [TestNG-tests-1] TC001_AccountRegistrationTest - Clicked on register link
[INFO ] 2025-03-23 13:36:39.041 [TestNG-tests-1] TC001_AccountRegistrationTest - Providing customer detail
[INFO ] 2025-03-23 13:36:39.753 [TestNG-tests-2] TC001_AccountRegistrationTest - Starting TC001
[INFO ] 2025-03-23 13:36:40.304 [TestNG-tests-2] TC001_AccountRegistrationTest - Clicked on register link
[INFO ] 2025-03-23 13:36:40.305 [TestNG-tests-2] TC001_AccountRegistrationTest - Providing customer detail
[INFO ] 2025-03-23 13:36:40.674 [TestNG-tests-1] TC001_AccountRegistrationTest - Validating expected message
[INFO ] 2025-03-23 13:36:42.186 [TestNG-tests-2] TC001_AccountRegistrationTest - Validating expected message
[INFO ] 2025-03-23 13:46:13.440 [TestNG-tests-1] TC001_AccountRegistrationTest - Starting TC001
[INFO ] 2025-03-23 13:46:14.144 [TestNG-tests-1] TC001_AccountRegistrationTest - Clicked on register link
[INFO ] 2025-03-23 13:46:14.148 [TestNG-tests-1] TC001_AccountRegistrationTest - Providing customer detail
[INFO ] 2025-03-23 13:46:14.631 [TestNG-tests-2] TC001_AccountRegistrationTest - Starting TC001
[INFO ] 2025-03-23 13:46:15.158 [TestNG-tests-2] TC001_AccountRegistrationTest - Clicked on register link
[INFO ] 2025-03-23 13:46:15.159 [TestNG-tests-2] TC001_AccountRegistrationTest - Providing customer detail
[INFO ] 2025-03-23 13:46:15.653 [TestNG-tests-1] TC001_AccountRegistrationTest - Validating expected message
[INFO ] 2025-03-23 13:46:16.712 [TestNG-tests-2] TC001_AccountRegistrationTest - Validating expected message
[INFO ] 2025-03-23 13:46:55.763 [TestNG-tests-2] TC001_AccountRegistrationTest - Starting TC001
[INFO ] 2025-03-23 13:46:56.360 [TestNG-tests-2] TC001_AccountRegistrationTest - Clicked on register link
[INFO ] 2025-03-23 13:46:56.362 [TestNG-tests-2] TC001_AccountRegistrationTest - Providing customer detail
[INFO ] 2025-03-23 13:46:58.483 [TestNG-tests-2] TC001_AccountRegistrationTest - Validating expected message
[INFO ] 2025-03-23 13:47:53.477 [TestNG-tests-1] TC002_LoginTest - ------TC002 starting-------
[INFO ] 2025-03-23 13:47:55.182 [TestNG-tests-2] TC002_LoginTest - ------TC002 starting-------
[INFO ] 2025-03-23 13:50:19.204 [TestNG-tests-1] TC002_LoginTest - ------TC002 starting-------
[INFO ] 2025-03-23 13:50:20.701 [TestNG-tests-2] TC002_LoginTest - ------TC002 starting-------
[INFO ] 2025-03-23 13:53:20.883 [TestNG-tests-1] TC001_AccountRegistrationTest - Starting TC001
[INFO ] 2025-03-23 13:53:21.688 [TestNG-tests-1] TC001_AccountRegistrationTest - Clicked on register link
[INFO ] 2025-03-23 13:53:21.690 [TestNG-tests-1] TC001_AccountRegistrationTest - Providing customer detail
[INFO ] 2025-03-23 13:53:22.348 [TestNG-tests-2] TC001_AccountRegistrationTest - Starting TC001
[INFO ] 2025-03-23 13:53:22.972 [TestNG-tests-2] TC001_AccountRegistrationTest - Clicked on register link
[INFO ] 2025-03-23 13:53:22.973 [TestNG-tests-2] TC001_AccountRegistrationTest - Providing customer detail
[INFO ] 2025-03-23 13:53:23.459 [TestNG-tests-1] TC001_AccountRegistrationTest - Validating expected message
[INFO ] 2025-03-23 13:53:24.594 [TestNG-tests-2] TC001_AccountRegistrationTest - Validating expected message
[INFO ] 2025-03-23 13:54:55.678 [TestNG-tests-1] TC002_LoginTest - ------TC002 starting-------
[INFO ] 2025-03-23 13:54:57.190 [TestNG-tests-2] TC001_AccountRegistrationTest - Starting TC001
[INFO ] 2025-03-23 13:54:57.716 [TestNG-tests-2] TC001_AccountRegistrationTest - Clicked on register link
[INFO ] 2025-03-23 13:54:57.719 [TestNG-tests-2] TC001_AccountRegistrationTest - Providing customer detail
[INFO ] 2025-03-23 13:54:59.396 [TestNG-tests-2] TC001_AccountRegistrationTest - Validating expected message
[INFO ] 2025-03-23 13:57:09.678 [TestNG-tests-1] TC002_LoginTest - ------TC002 starting-------
[INFO ] 2025-03-23 13:57:10.626 [TestNG-tests-2] TC001_AccountRegistrationTest - Starting TC001
[INFO ] 2025-03-23 13:57:11.139 [TestNG-tests-2] TC001_AccountRegistrationTest - Clicked on register link
[INFO ] 2025-03-23 13:57:11.141 [TestNG-tests-2] TC001_AccountRegistrationTest - Providing customer detail
[INFO ] 2025-03-23 13:57:12.764 [TestNG-tests-2] TC001_AccountRegistrationTest - Validating expected message
[INFO ] 2025-03-23 13:58:31.094 [TestNG-tests-1] TC002_LoginTest - ------TC002 starting-------
[INFO ] 2025-03-23 13:58:32.645 [TestNG-tests-2] TC001_AccountRegistrationTest - Starting TC001
[INFO ] 2025-03-23 13:58:33.206 [TestNG-tests-2] TC001_AccountRegistrationTest - Clicked on register link
[INFO ] 2025-03-23 13:58:33.209 [TestNG-tests-2] TC001_AccountRegistrationTest - Providing customer detail
[INFO ] 2025-03-23 13:58:35.107 [TestNG-tests-2] TC001_AccountRegistrationTest - Validating expected message
[INFO ] 2025-03-23 14:02:28.567 [TestNG-tests-1] TC002_LoginTest - ------TC002 starting-------
[INFO ] 2025-03-23 22:22:35.677 [TestNG-tests-1] TC002_LoginTest - ------TC002 starting-------
[INFO ] 2025-03-23 22:30:39.198 [TestNG-tests-1] TC002_LoginTest - ------TC002 starting-------
[INFO ] 2025-03-23 22:32:30.526 [TestNG-tests-1] TC002_LoginTest - ------TC002 starting-------
[INFO ] 2025-03-23 22:37:49.002 [TestNG-tests-1] TC002_LoginTest - ------TC002 starting-------
[INFO ] 2025-03-23 22:38:20.056 [TestNG-tests-1] TC002_LoginTest - ------TC002 starting-------
[INFO ] 2025-03-23 22:38:20.472 [TestNG-tests-1] TC002_LoginTest - ------Click on login button-------
[INFO ] 2025-03-23 22:41:15.767 [TestNG-tests-1] TC002_LoginTest - ------TC002 starting-------
[INFO ] 2025-03-23 22:41:16.265 [TestNG-tests-1] TC002_LoginTest - ------Click on login button-------
[INFO ] 2025-03-23 22:41:17.013 [TestNG-tests-1] TC002_LoginTest - ------Account created-------
[INFO ] 2025-03-23 22:42:34.572 [TestNG-tests-1] TC002_LoginTest - ------TC002 starting-------
[INFO ] 2025-03-23 22:42:34.992 [TestNG-tests-1] TC002_LoginTest - ------Click on login button-------
[INFO ] 2025-03-23 22:42:35.373 [TestNG-tests-1] TC002_LoginTest - ------Account created-------
[INFO ] 2025-03-23 22:42:37.244 [TestNG-tests-1] TC002_LoginTest - ------TC002 finish-------
[INFO ] 2025-03-23 22:44:04.080 [TestNG-tests-1] TC002_LoginTest - ------TC002 starting-------
[INFO ] 2025-03-23 22:44:04.792 [TestNG-tests-1] TC002_LoginTest - ------Click on login button-------
[INFO ] 2025-03-23 22:44:06.745 [TestNG-tests-1] TC002_LoginTest - ------Account created-------
[INFO ] 2025-03-23 22:44:06.791 [TestNG-tests-1] TC002_LoginTest - ------TC002 finish-------
[INFO ] 2025-03-23 22:44:12.859 [TestNG-tests-2] TC002_LoginTest - ------TC002 starting-------
[INFO ] 2025-03-23 22:44:13.650 [TestNG-tests-2] TC002_LoginTest - ------Click on login button-------
[INFO ] 2025-03-23 22:44:15.400 [TestNG-tests-2] TC002_LoginTest - ------Account created-------
[INFO ] 2025-03-23 22:44:15.457 [TestNG-tests-2] TC002_LoginTest - ------TC002 finish-------
