[INFO ] 2025-04-13 18:03:30.266 [TestNG-tests-1] TC002_LoginTest - ------TC002 starting-------
[INFO ] 2025-04-13 18:03:31.206 [TestNG-tests-1] TC002_LoginTest - ------Click on login button-------
[INFO ] 2025-04-13 18:03:32.242 [TestNG-tests-1] TC002_LoginTest - ------Account created-------
[INFO ] 2025-04-13 18:03:32.306 [TestNG-tests-1] TC002_LoginTest - ------TC002 finish-------
[INFO ] 2025-04-13 18:03:34.107 [TestNG-tests-2] TC002_LoginTest - ------TC002 starting-------
[INFO ] 2025-04-13 18:03:34.713 [TestNG-tests-2] TC002_LoginTest - ------Click on login button-------
[INFO ] 2025-04-13 18:03:35.926 [TestNG-tests-2] TC002_LoginTest - ------Account created-------
[INFO ] 2025-04-13 18:03:36.013 [TestNG-tests-2] TC002_LoginTest - ------TC002 finish-------
[INFO ] 2025-04-13 18:04:32.025 [main] TC002_LoginTest - ------TC002 starting-------
[INFO ] 2025-04-13 18:04:32.504 [main] TC002_LoginTest - ------Click on login button-------
[INFO ] 2025-04-13 18:04:33.462 [main] TC002_LoginTest - ------Account created-------
[INFO ] 2025-04-13 18:04:33.541 [main] TC002_LoginTest - ------TC002 finish-------
[INFO ] 2025-04-13 18:04:39.692 [main] TC002_LoginTest - ------TC002 starting-------
[INFO ] 2025-04-13 18:04:40.187 [main] TC002_LoginTest - ------Click on login button-------
[INFO ] 2025-04-13 18:04:41.075 [main] TC002_LoginTest - ------Account created-------
[INFO ] 2025-04-13 18:04:41.107 [main] TC002_LoginTest - ------TC002 finish-------
[INFO ] 2025-04-13 18:47:44.988 [TestNG-tests-1] TC002_LoginTest - ------TC002 starting-------
[INFO ] 2025-04-13 18:47:45.710 [TestNG-tests-1] TC002_LoginTest - ------Click on login button-------
[INFO ] 2025-04-13 18:47:46.014 [TestNG-tests-2] TC002_LoginTest - ------TC002 starting-------
[INFO ] 2025-04-13 18:47:46.186 [TestNG-tests-1] TC002_LoginTest - ------Account created-------
[INFO ] 2025-04-13 18:47:46.651 [TestNG-tests-2] TC002_LoginTest - ------Click on login button-------
[INFO ] 2025-04-13 18:47:46.752 [TestNG-tests-1] TC002_LoginTest - ------TC002 finish-------
[INFO ] 2025-04-13 18:47:47.595 [TestNG-tests-2] TC002_LoginTest - ------Account created-------
[INFO ] 2025-04-13 18:47:47.670 [TestNG-tests-2] TC002_LoginTest - ------TC002 finish-------
[INFO ] 2025-04-13 18:48:44.375 [TestNG-tests-1] TC002_LoginTest - ------TC002 starting-------
[INFO ] 2025-04-13 18:48:45.285 [TestNG-tests-1] TC002_LoginTest - ------Click on login button-------
[INFO ] 2025-04-13 18:48:46.314 [TestNG-tests-1] TC002_LoginTest - ------Account created-------
[INFO ] 2025-04-13 18:48:46.367 [TestNG-tests-1] TC002_LoginTest - ------TC002 finish-------
[INFO ] 2025-04-13 18:48:46.975 [TestNG-tests-2] TC002_LoginTest - ------TC002 starting-------
[INFO ] 2025-04-13 18:48:48.423 [TestNG-tests-2] TC002_LoginTest - ------Click on login button-------
[INFO ] 2025-04-13 18:48:49.555 [TestNG-tests-2] TC002_LoginTest - ------Account created-------
[INFO ] 2025-04-13 18:48:49.603 [TestNG-tests-2] TC002_LoginTest - ------TC002 finish-------
[INFO ] 2025-04-13 18:51:34.060 [TestNG-tests-1] TC002_LoginTest - ------TC002 starting-------
[INFO ] 2025-04-13 18:53:38.395 [TestNG-tests-2] TC002_LoginTest - ------TC002 starting-------
[INFO ] 2025-04-13 18:54:23.221 [TestNG-tests-2] TC002_LoginTest - ------TC002 starting-------
[INFO ] 2025-04-13 18:55:31.541 [TestNG-tests-1] TC002_LoginTest - ------TC002 starting-------
